<?xml version="1.0" encoding="utf-8" standalone="no"?>
<!--This file represents the results of running a test suite-->
<test-results name="C:\Users\Andrew\Documents\visual studio 2010\Projects\SHA3Net\src\SHA3Net\SHA3Net.csproj" total="0" errors="0" failures="0" not-run="0" inconclusive="0" ignored="0" skipped="0" invalid="0" date="2012-11-01" time="00:22:12">
  <environment nunit-version="2.6.0.11240" clr-version="2.0.50727.6387" os-version="Microsoft Windows NT 6.2.9200.0" platform="Win32NT" cwd="C:\Users\Andrew\Documents\visual studio 2010\Projects\SHA3Net\src\SHA3Net" machine-name="GANDALF" user="Andrew" user-domain="GANDALF" />
  <culture-info current-culture="en-AU" current-uiculture="en-GB" />
  <test-suite type="Project" name="C:\Users\Andrew\Documents\visual studio 2010\Projects\SHA3Net\src\SHA3Net\SHA3Net.csproj" executed="True" result="Inconclusive" success="False" time="0.071" asserts="0">
    <results>
      <test-suite type="Assembly" name="C:\Users\Andrew\Documents\visual studio 2010\Projects\SHA3Net\src\SHA3Net\bin\Debug\SHA3Net.dll" executed="True" result="Inconclusive" success="False" time="0.008" asserts="0" />
    </results>
  </test-suite>
</test-results>