<?xml version="1.0" encoding="utf-8" standalone="no"?>
<!--This file represents the results of running a test suite-->
<test-results name="C:\Users\Andrew\Documents\Visual Studio 2010\Projects\SHA3Net\src\SHA3Net.Tests\bin\Debug\SHA3Net.Tests.dll" total="48" errors="2" failures="0" not-run="0" inconclusive="0" ignored="0" skipped="0" invalid="0" date="2012-11-06" time="02:15:26">
  <environment nunit-version="2.6.0.11240" clr-version="2.0.50727.6387" os-version="Microsoft Windows NT 6.2.9200.0" platform="Win32NT" cwd="C:\Users\Andrew\Documents\Visual Studio 2010\Projects\SHA3Net\src\SHA3Net.Tests" machine-name="GANDALF" user="Andrew" user-domain="GANDALF" />
  <culture-info current-culture="en-AU" current-uiculture="en-GB" />
  <test-suite type="Assembly" name="C:\Users\Andrew\Documents\Visual Studio 2010\Projects\SHA3Net\src\SHA3Net.Tests\bin\Debug\SHA3Net.Tests.dll" executed="True" result="Failure" success="False" time="0.226" asserts="0">
    <results>
      <test-suite type="Namespace" name="SHA3Net" executed="True" result="Failure" success="False" time="0.225" asserts="0">
        <results>
          <test-suite type="Namespace" name="Tests" executed="True" result="Failure" success="False" time="0.225" asserts="0">
            <results>
              <test-suite type="TestFixture" name="PermutationTests" executed="True" result="Success" success="True" time="0.076" asserts="0">
                <results>
                  <test-case name="SHA3Net.Tests.PermutationTests.TestConversionOfHexStringToStateCube" executed="True" result="Success" success="True" time="0.029" asserts="1" />
                  <test-suite type="ParameterizedTest" name="TestPermutationGivesExpectedResult" executed="True" result="Success" success="True" time="0.019" asserts="0">
                    <results>
                      <test-case name="SHA3Net.Tests.PermutationTests.TestPermutationGivesExpectedResult(&quot;1C 12 77 08 0E 9B 8E 33 74 3F E9 0B 6C 7F 48 52 03 83 CF 27 13 85 38 F9 9E E3 10 2C 4F 03 32 CE BD 44 6B E4 64 66 03 41 23 40 26 FE 3A AE 6E 22 13 5C B8 F9 A3 D4 BA 80 45 F0 DF 62 C9 C8 F1 5B AC B5 4C 29 35 45 4D C3 29 B8 E4 DC A0 59 8F 29 66 EC 71 7E A2 F6 24 E5 A9 C7 24 0B 60 FD B0 61 B9 2C FC BA 58 2E 74 41 D1 F6 18 1F 2E 2D BC 55 AF 65 8F 68 D4 82 5B 0B 7C AC 1C 9A 8D 15 85 42 E7 B1 FA 03 FE 21 46 9E C2 7A 9A C2 63 94 FA C8 87 06 66 57 DF 78 85 1E A8 86 B2 B9 08 94 15 B0 20 92 39 55 BC 48 36 F6 B9 C8 20 98 88 EC FF 72 BD D0 EC 86 1A E6 33 1B CB 78 60 63 24 B3 C2 56 E8 24 49 27 A4 88 E6 A8&quot;,&quot;CB 2E 82 A0 3D E7 14 5E A7 F6 A0 68 D3 66 39 A2 FB 74 61 12 FA 59 64 05 9C F6 90 95 F3 9B ED 3C B4 25 24 C2 A5 F7 42 9D 3A AE 42 CD EA 80 05 25 17 7D FB 85 CD 53 81 08 F5 9D 78 8C AF C6 93 6C EF 7E 67 7C E2 CB C3 6C 16 31 AE A9 E9 76 9B 98 17 4C 0A B5 47 15 C6 B4 27 27 33 9F CE A9 46 10 CE 08 16 89 AF 21 49 1A 57 A0 1C 16 1E 59 4E CF A4 59 97 29 04 FB 1C B8 EF 30 33 90 AD 47 21 14 3E F2 A4 8A 7F 41 12 67 9C 2E 99 41 06 E5 6B 82 EC 5D 30 37 58 59 81 7E 04 BA 13 1B EF DE 01 E8 F1 D9 D3 E4 DB 24 4E AE 94 8F 55 2E 02 66 28 A2 F3 65 21 01 92 D2 F3 BD 55 E8 9D 8A 62 D9 D3 E8 C8 9F 62 A0 BE 6B 02 1D&quot;)" executed="True" result="Success" success="True" time="0.007" asserts="2" />
                      <test-case name="SHA3Net.Tests.PermutationTests.TestPermutationGivesExpectedResult(&quot;CB 2E 82 A0 3D E7 14 5E A7 F6 A0 68 D3 66 39 A2 FB 74 61 12 FA 59 64 05 9C F6 90 95 F3 9B ED 3C B4 25 24 C2 A5 F7 42 9D 3A AE 42 CD EA 80 05 25 17 7D FB 85 CD 53 81 08 F5 9D 78 8C AF C6 93 6C EF 7E 67 7C E2 CB C3 6C 16 31 AE A9 E9 76 9B 98 17 4C 0A B5 47 15 C6 B4 27 27 33 9F CE A9 46 10 CE 08 16 89 AF 21 49 1A 57 A0 1C 16 1E 59 4E CF A4 59 97 29 04 FB 1C B8 EF 30 33 90 AD 47 21 14 3E F2 A4 8A 7F 41 12 67 9C 2E 99 41 06 E5 6B 82 EC 5D 30 37 58 59 81 7E 04 BA 13 1B EF DE 01 E8 F1 D9 D3 E4 DB 24 4E AE 94 8F 55 2E 02 66 28 A2 F3 65 21 01 92 D2 F3 BD 55 E8 9D 8A 62 D9 D3 E8 C8 9F 62 A0 BE 6B 02 1D&quot;,&quot;7A BF 16 EC A1 FB 58 CB DF F9 E2 E0 57 7E E9 68 19 9A D7 E4 F2 23 9F 10 0C E4 18 3E 59 13 93 7B C8 CF 19 21 16 05 54 BE 74 69 86 FF 85 EE 0D 1E 15 A7 2F FD 52 9E 3F F9 33 F4 D7 2D 04 38 B0 C0 90 B6 85 61 F3 1B AF C4 4F 02 A2 54 0C FF 71 93 87 63 79 6D FE B6 28 14 B4 23 60 4C 51 3F 6E A9 D9 B4 56 58 31 64 2E 93 4D 60 5A 12 FD 33 2F 30 3A B1 86 3F E6 9F D1 24 CD 1D 7E BD AC 75 AF B2 A0 8A 7E 5C B1 EE 51 62 3D 63 D7 9C 7C 39 B1 82 6A EE 38 89 5D 19 39 D4 9A D4 BC 16 A3 6D 8F 6A D0 14 A5 A3 A3 85 BA 22 DF F8 82 B7 A4 20 CD E3 8B C9 3C FE ED 52 97 B8 86 7D 5D 41 04 59 F5 62 CB A7 70 F5 52 69 F4 7B&quot;)" executed="True" result="Success" success="True" time="0.001" asserts="2" />
                      <test-case name="SHA3Net.Tests.PermutationTests.TestPermutationGivesExpectedResult(&quot;7A BF 16 EC A1 FB 58 CB DF F9 E2 E0 57 7E E9 68 19 9A D7 E4 F2 23 9F 10 0C E4 18 3E 59 13 93 7B C8 CF 19 21 16 05 54 BE 74 69 86 FF 85 EE 0D 1E 15 A7 2F FD 52 9E 3F F9 33 F4 D7 2D 04 38 B0 C0 90 B6 85 61 F3 1B AF C4 4F 02 A2 54 0C FF 71 93 87 63 79 6D FE B6 28 14 B4 23 60 4C 51 3F 6E A9 D9 B4 56 58 31 64 2E 93 4D 60 5A 12 FD 33 2F 30 3A B1 86 3F E6 9F D1 24 CD 1D 7E BD AC 75 AF B2 A0 8A 7E 5C B1 EE 51 62 3D 63 D7 9C 7C 39 B1 82 6A EE 38 89 5D 19 39 D4 9A D4 BC 16 A3 6D 8F 6A D0 14 A5 A3 A3 85 BA 22 DF F8 82 B7 A4 20 CD E3 8B C9 3C FE ED 52 97 B8 86 7D 5D 41 04 59 F5 62 CB A7 70 F5 52 69 F4 7B&quot;,&quot;75 E1 9C 6D B1 C0 83 8C A9 D6 45 35 1B 51 23 87 DE D1 12 28 3D C9 B3 5F AE B8 FA B2 4B 96 FD 80 D8 3E DA 5F BC 47 1E 91 10 0A C6 37 CC 49 40 AF 24 3E D4 F8 6F A7 AC A7 5F 2C 8A 74 EC 20 8A 39 C2 12 04 67 B9 F9 2B 94 E7 CC D9 2D F3 76 E8 36 FA B1 A5 B3 2E D6 50 07 E1 C2 5E D8 0B 03 CE 94 9F 6E 08 3F 5F D1 D0 9D 8A 7C 93 A4 79 D4 19 22 8B 97 7C B9 73 9F 31 59 A2 99 99 38 D6 AA 99 68 D2 99 27 A5 54 4D 53 E2 4C B3 73 C5 1E 09 63 6E C3 57 39 7E FB 00 FF B1 A7 1D CB 8F 59 C1 8A 98 DB BC 5F 6D 9D 65 49 90 66 AF 05 C0 9C D2 5C 03 C9 46 83 9E 6A 71 3A 06 A3 D4 7C 38 97 BB 47 CB 55 7B 47 2D E7 4D EF 16&quot;)" executed="True" result="Success" success="True" time="0.001" asserts="2" />
                      <test-case name="SHA3Net.Tests.PermutationTests.TestPermutationGivesExpectedResult(&quot;53 58 7B 39 00 00 00 00 00 00 00 00 00 00 00 00 00 00 00 00 00 00 00 00 00 00 00 00 00 00 00 00 00 00 00 00 00 00 00 00 00 00 00 00 00 00 00 00 00 00 00 00 00 00 00 00 00 00 00 00 00 00 00 00 00 00 00 00 00 00 00 80 00 00 00 00 00 00 00 00 00 00 00 00 00 00 00 00 00 00 00 00 00 00 00 00 00 00 00 00 00 00 00 00 00 00 00 00 00 00 00 00 00 00 00 00 00 00 00 00 00 00 00 00 00 00 00 00 00 00 00 00 00 00 00 00 00 00 00 00 00 00 00 00 00 00 00 00 00 00 00 00 00 00 00 00 00 00 00 00 00 00 00 00 00 00 00 00 00 00 00 00 00 00 00 00 00 00 00 00 00 00 00 00 00 00 00 00 00 00 00 00 00 00 00 00 00 00 00 00&quot;,&quot;1C 12 77 08 0E 9B 8E 33 74 3F E9 0B 6C 7F 48 52 03 83 CF 27 13 85 38 F9 9E E3 10 2C 4F 03 32 CE BD 44 6B E4 64 66 03 41 23 40 26 FE 3A AE 6E 22 13 5C B8 F9 A3 D4 BA 80 45 F0 DF 62 C9 C8 F1 5B AC B5 4C 29 35 45 4D C3 29 B8 E4 DC A0 59 8F 29 66 EC 71 7E A2 F6 24 E5 A9 C7 24 0B 60 FD B0 61 B9 2C FC BA 58 2E 74 41 D1 F6 18 1F 2E 2D BC 55 AF 65 8F 68 D4 82 5B 0B 7C AC 1C 9A 8D 15 85 42 E7 B1 FA 03 FE 21 46 9E C2 7A 9A C2 63 94 FA C8 87 06 66 57 DF 78 85 1E A8 86 B2 B9 08 94 15 B0 20 92 39 55 BC 48 36 F6 B9 C8 20 98 88 EC FF 72 BD D0 EC 86 1A E6 33 1B CB 78 60 63 24 B3 C2 56 E8 24 49 27 A4 88 E6 A8&quot;)" executed="True" result="Success" success="True" time="0.000" asserts="2" />
                    </results>
                  </test-suite>
                  <test-suite type="ParameterizedTest" name="TestRot" executed="True" result="Success" success="True" time="0.023" asserts="0">
                    <results>
                      <test-case name="SHA3Net.Tests.PermutationTests.TestRot(9264364801463019255UL,4,655884233731895160UL)" executed="True" result="Success" success="True" time="0.001" asserts="2" />
                      <test-case name="SHA3Net.Tests.PermutationTests.TestRot(81985529216486895UL,1,163971058432973790UL)" executed="True" result="Success" success="True" time="0.000" asserts="2" />
                      <test-case name="SHA3Net.Tests.PermutationTests.TestRot(81985529216486895UL,2,327942116865947580UL)" executed="True" result="Success" success="True" time="0.000" asserts="2" />
                      <test-case name="SHA3Net.Tests.PermutationTests.TestRot(81985529216486895UL,3,655884233731895160UL)" executed="True" result="Success" success="True" time="0.000" asserts="2" />
                      <test-case name="SHA3Net.Tests.PermutationTests.TestRot(81985529216486895UL,4,1311768467463790320UL)" executed="True" result="Success" success="True" time="0.000" asserts="2" />
                      <test-case name="SHA3Net.Tests.PermutationTests.TestRot(81985529216486895UL,62,13855554437586285435UL)" executed="True" result="Success" success="True" time="0.001" asserts="2" />
                      <test-case name="SHA3Net.Tests.PermutationTests.TestRot(81985529216486895UL,63,9264364801463019255UL)" executed="True" result="Success" success="True" time="0.000" asserts="2" />
                      <test-case name="SHA3Net.Tests.PermutationTests.TestRot(81985529216486895UL,12,3771334343958392850UL)" executed="True" result="Success" success="True" time="0.000" asserts="2" />
                      <test-case name="SHA3Net.Tests.PermutationTests.TestRot(81985529216486895UL,32,9920249030613615975UL)" executed="True" result="Success" success="True" time="0.000" asserts="2" />
                      <test-case name="SHA3Net.Tests.PermutationTests.TestRot(81985529216486895UL,40,12379813738877118345UL)" executed="True" result="Success" success="True" time="0.000" asserts="2" />
                      <test-case name="SHA3Net.Tests.PermutationTests.TestRot(81985529216486895UL,60,17298946664678735070UL)" executed="True" result="Success" success="True" time="0.001" asserts="2" />
                      <test-case name="SHA3Net.Tests.PermutationTests.TestRot(81985529216486895UL,64,81985529216486895UL)" executed="True" result="Success" success="True" time="0.001" asserts="2" />
                    </results>
                  </test-suite>
                </results>
              </test-suite>
              <test-suite type="TestFixture" name="PublicInterfaceTests" executed="True" result="Failure" success="False" time="0.020" asserts="0">
                <results>
                  <test-case name="SHA3Net.Tests.PublicInterfaceTests.CanCreateHashAlgorithmObject" executed="True" result="Error" success="False" time="0.007" asserts="0">
                    <failure>
                      <message><![CDATA[System.NotImplementedException : The method or operation is not implemented.]]></message>
                      <stack-trace><![CDATA[at SHA3Net.SHA3.Create() in c:\Users\Andrew\Documents\Visual Studio 2010\Projects\SHA3Net\src\SHA3Net\SHA3.cs:line 17
at SHA3Net.Tests.PublicInterfaceTests.CanCreateHashAlgorithmObject() in c:\Users\Andrew\Documents\Visual Studio 2010\Projects\SHA3Net\src\SHA3Net.Tests\PublicInterfaceTests.cs:line 12
]]></stack-trace>
                    </failure>
                  </test-case>
                  <test-case name="SHA3Net.Tests.PublicInterfaceTests.ComputeHashRunsWithoutError" executed="True" result="Error" success="False" time="0.001" asserts="0">
                    <failure>
                      <message><![CDATA[System.NotImplementedException : The method or operation is not implemented.]]></message>
                      <stack-trace><![CDATA[at SHA3Net.SHA3.Create() in c:\Users\Andrew\Documents\Visual Studio 2010\Projects\SHA3Net\src\SHA3Net\SHA3.cs:line 17
at SHA3Net.Tests.PublicInterfaceTests.ComputeHashRunsWithoutError() in c:\Users\Andrew\Documents\Visual Studio 2010\Projects\SHA3Net\src\SHA3Net.Tests\PublicInterfaceTests.cs:line 19
]]></stack-trace>
                    </failure>
                  </test-case>
                </results>
              </test-suite>
              <test-suite type="TestFixture" name="SpongeAbsorptionTests" executed="True" result="Inconclusive" success="False" time="0.000" asserts="0" />
              <test-suite type="TestFixture" name="SpongeTests" executed="True" result="Success" success="True" time="0.106" asserts="0">
                <results>
                  <test-case name="SHA3Net.Tests.SpongeTests.TestCanCreateSpongeWithDefaultBitRateAndSpecificPermutation" executed="True" result="Success" success="True" time="0.001" asserts="0">
                    <reason>
                      <message><![CDATA[]]></message>
                    </reason>
                  </test-case>
                  <test-case name="SHA3Net.Tests.SpongeTests.TestCanCreateSpongeWithDefaultPermutationAndBitRate" executed="True" result="Success" success="True" time="0.001" asserts="0">
                    <reason>
                      <message><![CDATA[]]></message>
                    </reason>
                  </test-case>
                  <test-suite type="ParameterizedTest" name="TestCanCreateSpongeWithSpecificBitRateAndDefaultPermutation" executed="True" result="Success" success="True" time="0.013" asserts="0">
                    <results>
                      <test-case name="SHA3Net.Tests.SpongeTests.TestCanCreateSpongeWithSpecificBitRateAndDefaultPermutation(512)" executed="True" result="Success" success="True" time="0.001" asserts="0">
                        <reason>
                          <message><![CDATA[]]></message>
                        </reason>
                      </test-case>
                      <test-case name="SHA3Net.Tests.SpongeTests.TestCanCreateSpongeWithSpecificBitRateAndDefaultPermutation(1)" executed="True" result="Success" success="True" time="0.000" asserts="0">
                        <reason>
                          <message><![CDATA[]]></message>
                        </reason>
                      </test-case>
                      <test-case name="SHA3Net.Tests.SpongeTests.TestCanCreateSpongeWithSpecificBitRateAndDefaultPermutation(1024)" executed="True" result="Success" success="True" time="0.000" asserts="0">
                        <reason>
                          <message><![CDATA[]]></message>
                        </reason>
                      </test-case>
                      <test-case name="SHA3Net.Tests.SpongeTests.TestCanCreateSpongeWithSpecificBitRateAndDefaultPermutation(1600)" executed="True" result="Success" success="True" time="0.000" asserts="0">
                        <reason>
                          <message><![CDATA[]]></message>
                        </reason>
                      </test-case>
                      <test-case name="SHA3Net.Tests.SpongeTests.TestCanCreateSpongeWithSpecificBitRateAndDefaultPermutation(10)" executed="True" result="Success" success="True" time="0.000" asserts="0">
                        <reason>
                          <message><![CDATA[]]></message>
                        </reason>
                      </test-case>
                      <test-case name="SHA3Net.Tests.SpongeTests.TestCanCreateSpongeWithSpecificBitRateAndDefaultPermutation(100)" executed="True" result="Success" success="True" time="0.001" asserts="0">
                        <reason>
                          <message><![CDATA[]]></message>
                        </reason>
                      </test-case>
                    </results>
                  </test-suite>
                  <test-suite type="ParameterizedTest" name="TestCanCreateSpongeWithSpecifiedBitRateAndPermutation" executed="True" result="Success" success="True" time="0.015" asserts="0">
                    <results>
                      <test-case name="SHA3Net.Tests.SpongeTests.TestCanCreateSpongeWithSpecifiedBitRateAndPermutation(1600)" executed="True" result="Success" success="True" time="0.001" asserts="0">
                        <reason>
                          <message><![CDATA[]]></message>
                        </reason>
                      </test-case>
                      <test-case name="SHA3Net.Tests.SpongeTests.TestCanCreateSpongeWithSpecifiedBitRateAndPermutation(10)" executed="True" result="Success" success="True" time="0.001" asserts="0">
                        <reason>
                          <message><![CDATA[]]></message>
                        </reason>
                      </test-case>
                      <test-case name="SHA3Net.Tests.SpongeTests.TestCanCreateSpongeWithSpecifiedBitRateAndPermutation(100)" executed="True" result="Success" success="True" time="0.000" asserts="0">
                        <reason>
                          <message><![CDATA[]]></message>
                        </reason>
                      </test-case>
                      <test-case name="SHA3Net.Tests.SpongeTests.TestCanCreateSpongeWithSpecifiedBitRateAndPermutation(512)" executed="True" result="Success" success="True" time="0.001" asserts="0">
                        <reason>
                          <message><![CDATA[]]></message>
                        </reason>
                      </test-case>
                      <test-case name="SHA3Net.Tests.SpongeTests.TestCanCreateSpongeWithSpecifiedBitRateAndPermutation(1024)" executed="True" result="Success" success="True" time="0.001" asserts="0">
                        <reason>
                          <message><![CDATA[]]></message>
                        </reason>
                      </test-case>
                      <test-case name="SHA3Net.Tests.SpongeTests.TestCanCreateSpongeWithSpecifiedBitRateAndPermutation(1)" executed="True" result="Success" success="True" time="0.001" asserts="0">
                        <reason>
                          <message><![CDATA[]]></message>
                        </reason>
                      </test-case>
                    </results>
                  </test-suite>
                  <test-suite type="ParameterizedTest" name="TestCreatingSpongeWithInvalidBitRateAndDefaultPermutationThrowsException" executed="True" result="Success" success="True" time="0.031" asserts="0">
                    <results>
                      <test-case name="SHA3Net.Tests.SpongeTests.TestCreatingSpongeWithInvalidBitRateAndDefaultPermutationThrowsException(-512)" executed="True" result="Success" success="True" time="0.023" asserts="2" />
                      <test-case name="SHA3Net.Tests.SpongeTests.TestCreatingSpongeWithInvalidBitRateAndDefaultPermutationThrowsException(-1)" executed="True" result="Success" success="True" time="0.000" asserts="2" />
                      <test-case name="SHA3Net.Tests.SpongeTests.TestCreatingSpongeWithInvalidBitRateAndDefaultPermutationThrowsException(65536)" executed="True" result="Success" success="True" time="0.000" asserts="2" />
                      <test-case name="SHA3Net.Tests.SpongeTests.TestCreatingSpongeWithInvalidBitRateAndDefaultPermutationThrowsException(1601)" executed="True" result="Success" success="True" time="0.001" asserts="2" />
                    </results>
                  </test-suite>
                  <test-suite type="ParameterizedTest" name="TestCreatingSpongeWithInvalidBitRateAndSpecifiedPermutationThrowsException" executed="True" result="Success" success="True" time="0.008" asserts="0">
                    <results>
                      <test-case name="SHA3Net.Tests.SpongeTests.TestCreatingSpongeWithInvalidBitRateAndSpecifiedPermutationThrowsException(-1)" executed="True" result="Success" success="True" time="0.001" asserts="2" />
                      <test-case name="SHA3Net.Tests.SpongeTests.TestCreatingSpongeWithInvalidBitRateAndSpecifiedPermutationThrowsException(-512)" executed="True" result="Success" success="True" time="0.000" asserts="2" />
                      <test-case name="SHA3Net.Tests.SpongeTests.TestCreatingSpongeWithInvalidBitRateAndSpecifiedPermutationThrowsException(1601)" executed="True" result="Success" success="True" time="0.000" asserts="2" />
                      <test-case name="SHA3Net.Tests.SpongeTests.TestCreatingSpongeWithInvalidBitRateAndSpecifiedPermutationThrowsException(65536)" executed="True" result="Success" success="True" time="0.001" asserts="2" />
                    </results>
                  </test-suite>
                  <test-suite type="ParameterizedTest" name="TestSpongeBitRateIsCorrectlySetWithDefaultPermutation" executed="True" result="Success" success="True" time="0.014" asserts="0">
                    <results>
                      <test-case name="SHA3Net.Tests.SpongeTests.TestSpongeBitRateIsCorrectlySetWithDefaultPermutation(1)" executed="True" result="Success" success="True" time="0.002" asserts="3" />
                      <test-case name="SHA3Net.Tests.SpongeTests.TestSpongeBitRateIsCorrectlySetWithDefaultPermutation(100)" executed="True" result="Success" success="True" time="0.000" asserts="3" />
                      <test-case name="SHA3Net.Tests.SpongeTests.TestSpongeBitRateIsCorrectlySetWithDefaultPermutation(10)" executed="True" result="Success" success="True" time="0.000" asserts="3" />
                      <test-case name="SHA3Net.Tests.SpongeTests.TestSpongeBitRateIsCorrectlySetWithDefaultPermutation(1024)" executed="True" result="Success" success="True" time="0.000" asserts="3" />
                      <test-case name="SHA3Net.Tests.SpongeTests.TestSpongeBitRateIsCorrectlySetWithDefaultPermutation(512)" executed="True" result="Success" success="True" time="0.001" asserts="3" />
                      <test-case name="SHA3Net.Tests.SpongeTests.TestSpongeBitRateIsCorrectlySetWithDefaultPermutation(1600)" executed="True" result="Success" success="True" time="0.000" asserts="3" />
                    </results>
                  </test-suite>
                  <test-case name="SHA3Net.Tests.SpongeTests.TestSpongeCreationWithNullPermutationThrowsArgumentNullException" executed="True" result="Success" success="True" time="0.001" asserts="1" />
                </results>
              </test-suite>
            </results>
          </test-suite>
        </results>
      </test-suite>
    </results>
  </test-suite>
</test-results>